[2022-05-28T15:46:46.454127+00:00] user.INFO: User name is  {"who":"admin"} []
[2022-05-28T15:46:50.170614+00:00] action.INFO: New message {"user":"admin","send":"hi"} []
[2022-05-28T15:47:01.665907+00:00] user.ERROR: no login or passzord! [] []
[2022-05-28T15:47:13.917264+00:00] user.INFO: User name is  {"who":"admin"} []
[2022-05-28T15:47:17.588424+00:00] action.INFO: New message {"user":"admin","send":"sos"} []
[2022-05-28T18:17:43.849926+00:00] user.INFO: User name is  {"who":"admin"} []
[2022-05-28T18:22:16.434213+00:00] user.INFO: User name is  {"who":"admin"} []
[2022-05-28T18:22:19.813866+00:00] user.INFO: User name is  {"who":"admin"} []
[2022-05-28T18:22:21.153613+00:00] action.INFO: New message {"user":"admin","send":"hello"} []
[2022-05-28T18:22:23.080412+00:00] user.ERROR: no login or passzord! [] []
[2022-05-28T18:22:24.524974+00:00] user.ERROR: no login or passzord! [] []
[2022-05-28T18:22:32.250863+00:00] user.ERROR: no login or passzord! [] []
[2022-05-28T18:24:15.991400+00:00] user.INFO: User name is  {"who":"admin"} []
[2022-05-28T18:24:18.915972+00:00] action.INFO: New message {"user":"admin","send":""} []
[2022-05-28T18:24:18.916322+00:00] user.INFO: Chat is cleared [] []
[2022-05-28T18:28:31.341239+00:00] user.INFO: User name is  {"who":"admin"} []
[2022-05-28T18:28:42.535916+00:00] action.INFO: New message {"user":"admin","send":"hello"} []
[2022-05-28T18:29:25.337503+00:00] user.INFO: User name is  {"who":"admin"} []
[2022-05-28T18:29:27.028240+00:00] action.INFO: New message {"user":"admin","send":""} []
[2022-05-28T18:30:51.963713+00:00] user.ERROR: no login or passzord! [] []
[2022-05-28T18:30:58.297374+00:00] user.INFO: User name is  {"who":"admin"} []
[2022-05-28T18:31:05.099060+00:00] action.INFO: New message {"user":"admin","send":""} []
[2022-05-28T18:31:05.099498+00:00] user.INFO: Chat is cleared [] []
[2022-05-28T18:32:04.346657+00:00] user.ERROR: no login or passzord! [] []
[2022-05-28T18:32:08.575021+00:00] user.INFO: User name is  {"who":"admin"} []
[2022-05-28T18:32:25.943002+00:00] user.INFO: User name is  {"who":"admin"} []
[2022-05-28T18:33:33.356405+00:00] user.ERROR: no login or passzord! [] []
[2022-05-28T18:37:16.506776+00:00] user.ERROR: no login or passzord! [] []
[2022-05-28T18:37:28.005585+00:00] user.INFO: User name is  {"who":"admin"} []
[2022-05-28T18:40:29.106392+00:00] user.INFO: User name is  {"who":"admin"} []
[2022-05-28T18:42:21.243945+00:00] user.INFO: User name is  {"who":"admin"} []
[2022-05-28T18:43:23.845377+00:00] user.INFO: User name is  {"who":"admin"} []
[2022-05-28T18:43:33.065207+00:00] user.ERROR: no login or passzord! [] []
[2022-05-28T18:43:36.930070+00:00] user.ERROR: no login or passzord! [] []
[2022-05-28T18:43:41.752168+00:00] user.ERROR: no login or passzord! [] []
[2022-05-28T18:43:51.182914+00:00] user.INFO: User name is  {"who":"admin"} []
[2022-05-28T18:45:50.293993+00:00] user.INFO: User name is  {"who":"admin"} []
[2022-05-28T18:45:53.852309+00:00] user.INFO: User name is  {"who":"admin"} []
[2022-05-28T18:47:19.766810+00:00] user.ERROR: no login or passzord! [] []
[2022-05-28T18:47:27.360558+00:00] user.INFO: User name is  {"who":"admin"} []
[2022-05-28T18:48:31.574823+00:00] user.INFO: User name is  {"who":"admin"} []
[2022-05-28T18:48:46.175741+00:00] user.INFO: User name is  {"who":"admin"} []
[2022-05-28T18:48:47.588026+00:00] user.INFO: User name is  {"who":"admin"} []
[2022-05-28T18:48:53.504002+00:00] user.INFO: User name is  {"who":"admin"} []
[2022-05-28T18:49:32.105693+00:00] user.INFO: User name is  {"who":"admin"} []
[2022-05-28T18:49:39.436139+00:00] user.INFO: User name is  {"who":"admin"} []
[2022-05-28T18:49:40.984483+00:00] user.INFO: User name is  {"who":"admin"} []
[2022-05-28T18:53:53.957085+00:00] user.INFO: User name is  {"who":"admin"} []
[2022-05-28T18:54:02.876378+00:00] user.ERROR: no login or passzord! [] []
[2022-05-28T18:54:06.592814+00:00] user.INFO: User name is  {"who":"admin"} []
[2022-05-28T18:55:46.521065+00:00] user.INFO: User name is  {"who":"admin"} []
[2022-05-28T18:55:48.000384+00:00] user.INFO: User name is  {"who":"admin"} []
[2022-05-28T18:55:52.172185+00:00] user.ERROR: no login or passzord! [] []
[2022-05-28T18:55:57.138180+00:00] user.INFO: User name is  {"who":"admin"} []
[2022-05-28T18:56:25.892911+00:00] user.INFO: User name is  {"who":"admin"} []
[2022-05-28T18:56:27.260782+00:00] user.INFO: User name is  {"who":"admin"} []
[2022-05-28T18:56:57.850266+00:00] user.INFO: User name is  {"who":"admin"} []
[2022-05-28T18:59:34.214878+00:00] user.INFO: User name is  {"who":"admin"} []
[2022-05-28T19:18:08.825083+00:00] user.INFO: User name is  {"who":"admin"} []
[2022-05-28T19:18:13.600576+00:00] action.INFO: New message {"user":"admin","send":"hello"} []
[2022-05-28T19:18:22.956702+00:00] user.ERROR: no login or passzord! [] []
[2022-05-28T19:18:30.330292+00:00] user.INFO: User name is  {"who":"mary"} []
[2022-05-28T19:18:33.513230+00:00] action.INFO: New message {"user":"mary","send":""} []
[2022-05-28T19:18:33.513506+00:00] user.INFO: Chat is cleared [] []
[2022-05-28T19:19:26.757456+00:00] user.ERROR: no login or passzord! [] []
[2022-05-28T19:19:30.942660+00:00] user.INFO: User name is  {"who":"admin"} []
[2022-05-28T19:19:35.716170+00:00] user.INFO: User name is  {"who":"den"} []
[2022-05-28T19:20:03.554814+00:00] user.ERROR: no login or passzord! [] []
[2022-05-28T19:20:11.421723+00:00] user.ERROR: no login or passzord! [] []
[2022-05-28T19:22:23.173990+00:00] user.ERROR: no login or passzord! [] []
[2022-05-28T19:22:32.990478+00:00] user.INFO: User name is  {"who":"admin"} []
[2022-05-28T19:22:54.013296+00:00] action.INFO: New message {"user":"admin","send":"Мой пароль \"000\""} []
[2022-05-28T19:23:03.699967+00:00] user.INFO: User name is  {"who":"mary"} []
[2022-05-28T19:23:11.158859+00:00] action.INFO: New message {"user":"mary","send":"\"111\""} []
[2022-05-28T19:25:00.390156+00:00] user.INFO: User name is  {"who":"default"} []
[2022-05-28T19:25:41.662700+00:00] action.INFO: New message {"user":"default","send":"Читерская авторизация - логин \"default\" и без пароля :)"} []
[2022-05-28T19:25:49.616314+00:00] user.INFO: User name is  {"who":"default"} []
[2022-05-28T19:26:03.336487+00:00] user.ERROR: no login or passzord! [] []
